Running 1 tests...
Running testsv2/test208.src... 2

Exception: 
ErrorType.NAME_ERROR on line 2: Unable to locate foo function
Exception during test: module 'tokenize' has no attribute 'open'
 FAILED
0/1 tests passed.
Total Score:      0.00%
